<?xml version="1.0" encoding="UTF-8"?>
<testng-results skipped="0" failed="0" ignored="0" total="1" passed="1">
  <reporter-output>
  </reporter-output>
  <suite name="Default suite" duration-ms="7454" started-at="2022-03-29T00:47:49 CDT" finished-at="2022-03-29T00:47:56 CDT">
    <groups>
    </groups>
    <test name="Default test" duration-ms="7454" started-at="2022-03-29T00:47:49 CDT" finished-at="2022-03-29T00:47:56 CDT">
      <class name="test.ValidationTest">
        <test-method status="PASS" signature="userShouldAddCategory()[pri:0, instance:test.ValidationTest@23348b5d]" name="userShouldAddCategory" duration-ms="7386" started-at="2022-03-29T00:47:49 CDT" finished-at="2022-03-29T00:47:56 CDT">
          <reporter-output>
          </reporter-output>
        </test-method> <!-- userShouldAddCategory -->
      </class> <!-- test.ValidationTest -->
    </test> <!-- Default test -->
  </suite> <!-- Default suite -->
</testng-results>
